<?xml version="1.0" encoding="UTF-8"?>
<testsuite name="Login tests" tests="2" skipped="0" failures="0" errors="0" timestamp="2025-10-06T02:07:20" hostname="ANDERSON" time="281.325">
  <properties/>
  <testcase name="validate Text" classname="Login tests" time="100.735"/>
  <testcase name="Create employees" classname="Login tests" time="180.589"/>
  <system-out><![CDATA[]]></system-out>
  <system-err><![CDATA[[Test worker] INFO  - 
  _____   ___   ___   _____     ___   _____     _     ___   _____   ___   ___  
 |_   _| | __| / __| |_   _|   / __| |_   _|   /_\   | _ \ |_   _| | __| |   \ 
   | |   | _|  \__ \   | |     \__ \   | |    / _ \  |   /   | |   | _|  | |) |
   |_|   |___| |___/   |_|     |___/   |_|   /_/ \_\ |_|_\   |_|   |___| |___/ 

validate Text(login-tests;validate-text)
--------------------------------------------------------------------------------
[Test worker] INFO  - |-- 1: validate Text ({User=Admin, Password=admin123, Text=Time at Work})
[Test worker] INFO  - |---- Given Select URL
[Test worker] INFO  - |------ User opens the pages.urlMisPagos page
[Test worker] INFO net.serenitybdd.core.webdriver.driverproviders.ChromeDriverProvider - Starting Chrome driver instance with capabilities:
[Test worker] INFO net.serenitybdd.core.webdriver.driverproviders.ChromeDriverProvider - Capabilities {acceptInsecureCerts: true, browserName: chrome, goog:chromeOptions: {args: [test-type, ignore-certificate-errors, incognito, disable-infobars, disable-gpu, disable-default-apps, disable-popup-blocking, disable-dev-shm-usage, disable-extensions, disable-web-security, disable-translate, disable-logging, disable-download-notification, start-maximized, allow-running-insecure-content, test-type, ignore-certificate-errors, incognito, disable-infobars, disable-gpu, disable-default-apps, disable-popup-blocking, disable-dev-shm-usage, disable-extensions, disable-web-security, disable-translate, disable-logging, disable-download-notification, start-maximized, allow-running-insecure-content, remote-allow-origins=*], extensions: []}, timeouts: {implicit: 10000, pageLoad: 50000}, unhandledPromptBehavior: accept}
oct 05, 2025 9:07:22 P. M. org.openqa.selenium.devtools.CdpVersionFinder findNearestMatch
ADVERTENCIA: Unable to find CDP implementation matching 140
oct 05, 2025 9:07:22 P. M. org.openqa.selenium.chromium.ChromiumDriver lambda$new$5
ADVERTENCIA: Unable to find version of CDP to use for 140.0.7339.210. You may need to include a dependency on a specific version of the CDP using something similar to `org.seleniumhq.selenium:selenium-devtools-v86:4.19.0` where the version ("v86") matches the version of the chromium-based browser you're using and the version number of the artifact is the same as Selenium's.
[Test worker] INFO  - |---- When Select add two Courses Admin and admin123
[Test worker] INFO  - |---- Then Validate text Time at Work
[Test worker] INFO  - |------ Then login validate text should be Predicates.equalTo(Time at Work)
oct 05, 2025 9:09:01 P. M. com.prueba.certificacion.mispagos.questions.LoginValidateText answeredBy
INFORMACIÓN: The text found in the locator is: Time at Work
[Test worker] INFO  - 
  _____   ___   ___   _____     ___     _     ___   ___   ___   ___  
 |_   _| | __| / __| |_   _|   | _ \   /_\   / __| / __| | __| |   \ 
   | |   | _|  \__ \   | |     |  _/  / _ \  \__ \ \__ \ | _|  | |) |
   |_|   |___| |___/   |_|     |_|   /_/ \_\ |___/ |___/ |___| |___/ 

validate Text
----------------------------------------------------------------------
[Test worker] INFO  - 
  _____   ___   ___   _____     ___   _____     _     ___   _____   ___   ___  
 |_   _| | __| / __| |_   _|   / __| |_   _|   /_\   | _ \ |_   _| | __| |   \ 
   | |   | _|  \__ \   | |     \__ \   | |    / _ \  |   /   | |   | _|  | |) |
   |_|   |___| |___/   |_|     |___/   |_|   /_/ \_\ |_|_\   |_|   |___| |___/ 

Create employees(login-tests;create-employees)
--------------------------------------------------------------------------------
[Test worker] INFO  - |-- 1: Create employees ({seleccionarArchivo=dino.jpg, firstName=Anderson, middleName=tester, lastName=Narajos, EmployeeId=02020, Employeed=Anderson Narajos})
[Test worker] INFO  - |---- Given Select URL
[Test worker] INFO  - |------ User opens the pages.urlMisPagos page
[Test worker] INFO  - |---- When Create employees
[Test worker] INFO  - |------ User employees
[Test worker] INFO  - |-------- User clicks on Compare text
[Test worker] INFO  - |-------- User clicks on Compare text
[Test worker] INFO  - |---- And Se selecciona archivo seleccionarArchivo dino.jpg
[Test worker] INFO  - |------ User seleccionar archivo task
[Test worker] INFO  - |---- And llenar formulario Anderson y tester y Narajos y 02020
[Test worker] INFO  - |---- Then Validate Employeed Anderson Narajos
[Test worker] INFO  - |------ Then login validate text should be Predicates.equalTo(Anderson Narajos)
oct 05, 2025 9:12:01 P. M. com.prueba.certificacion.mispagos.questions.LoginValidateText answeredBy
INFORMACIÓN: The text found in the locator is: Anderson Narajos
[Test worker] INFO  - 
  _____   ___   ___   _____     ___     _     ___   ___   ___   ___  
 |_   _| | __| / __| |_   _|   | _ \   /_\   / __| / __| | __| |   \ 
   | |   | _|  \__ \   | |     |  _/  / _ \  \__ \ \__ \ | _|  | |) |
   |_|   |___| |___/   |_|     |_|   /_/ \_\ |___/ |___/ |___| |___/ 

Create employees
----------------------------------------------------------------------
]]></system-err>
</testsuite>
