<?xml version="1.0" encoding="UTF-8"?>
<testsuite name="Validate create alias" tests="7" skipped="0" failures="0" errors="0" timestamp="2025-10-06T04:44:59" hostname="ANDERSON" time="7.306">
  <properties/>
  <testcase name="Validate employees" classname="Validate create alias" time="3.42"/>
  <testcase name="Validate employee error without limit field" classname="Validate create alias" time="0.701"/>
  <testcase name="Validate employee error without offset field" classname="Validate create alias" time="0.688"/>
  <testcase name="Validate employee error without model field" classname="Validate create alias" time="0.627"/>
  <testcase name="Validate employee error without includeEmployees field" classname="Validate create alias" time="0.638"/>
  <testcase name="Validate employee error without sortField field" classname="Validate create alias" time="0.615"/>
  <testcase name="Validate employee error without sortOrder field" classname="Validate create alias" time="0.617"/>
  <system-out><![CDATA[https://opensource-demo.orangehrmlive.com/web/index.php
]]>&#x1f50d;<![CDATA[ Validando campo: data | Esperado: [{empNumber=128, lastName=444444, firstName=123445, middleName=34, employeeId=dfgsjsjdh, terminationId=null, jobTitle={id=null, title=null, isDeleted=null}, subunit={id=null, name=null}, empStatus={id=null, name=null}, supervisors=[]}, {empNumber=86, lastName=5TlV, firstName=99N75, middleName=425, employeeId=0295, terminationId=null, jobTitle={id=null, title=null, isDeleted=null}, subunit={id=null, name=null}, empStatus={id=null, name=null}, supervisors=[]}, {empNumber=104, lastName=010Z, firstName=A8DCo, middleName=4Ys, employeeId=0312, terminationId=null, jobTitle={id=null, title=null, isDeleted=null}, subunit={id=null, name=null}, empStatus={id=null, name=null}, supervisors=[]}, {empNumber=7, lastName=John, firstName=Akhil, middleName=dev, employeeId=56788, terminationId=null, jobTitle={id=23, title=HR Manager, isDeleted=false}, subunit={id=13, name=Human Resources}, empStatus={id=3, name=Full-Time Permanent}, supervisors=[]}] (ArrayList) | Actual: [{empNumber=128, lastName=444444, firstName=123445, middleName=34, employeeId=dfgsjsjdh, terminationId=null, jobTitle={id=null, title=null, isDeleted=null}, subunit={id=null, name=null}, empStatus={id=null, name=null}, supervisors=[]}, {empNumber=86, lastName=5TlV, firstName=99N75, middleName=425, employeeId=0295, terminationId=null, jobTitle={id=null, title=null, isDeleted=null}, subunit={id=null, name=null}, empStatus={id=null, name=null}, supervisors=[]}, {empNumber=104, lastName=010Z, firstName=A8DCo, middleName=4Ys, employeeId=0312, terminationId=null, jobTitle={id=null, title=null, isDeleted=null}, subunit={id=null, name=null}, empStatus={id=null, name=null}, supervisors=[]}, {empNumber=7, lastName=John, firstName=Akhil, middleName=dev, employeeId=56788, terminationId=null, jobTitle={id=23, title=HR Manager, isDeleted=false}, subunit={id=13, name=Human Resources}, empStatus={id=3, name=Full-Time Permanent}, supervisors=[]}] (ArrayList)
]]>&#x1f50d;<![CDATA[ Validando campo: empNumber | Esperado: 128 (Integer) | Actual: 128 (Integer)
]]>&#x1f50d;<![CDATA[ Validando campo: lastName | Esperado: 444444 (String) | Actual: 444444 (String)
]]>&#x1f50d;<![CDATA[ Validando campo: firstName | Esperado: 123445 (String) | Actual: 123445 (String)
]]>&#x1f50d;<![CDATA[ Validando campo: middleName | Esperado: 34 (String) | Actual: 34 (String)
]]>&#x1f50d;<![CDATA[ Validando campo: employeeId | Esperado: dfgsjsjdh (String) | Actual: dfgsjsjdh (String)
⚠️ Campo faltante en respuesta: terminationId
]]>&#x1f50d;<![CDATA[ Validando campo: jobTitle | Esperado: {id=null, title=null, isDeleted=null} (LinkedHashMap) | Actual: {id=null, title=null, isDeleted=null} (LinkedHashMap)
]]>&#x1f7e1;<![CDATA[ Campo ignorado: id
⚠️ Campo faltante en respuesta: title
⚠️ Campo faltante en respuesta: isDeleted
]]>&#x1f50d;<![CDATA[ Validando campo: subunit | Esperado: {id=null, name=null} (LinkedHashMap) | Actual: {id=null, name=null} (LinkedHashMap)
]]>&#x1f7e1;<![CDATA[ Campo ignorado: id
⚠️ Campo faltante en respuesta: name
]]>&#x1f50d;<![CDATA[ Validando campo: empStatus | Esperado: {id=null, name=null} (LinkedHashMap) | Actual: {id=null, name=null} (LinkedHashMap)
]]>&#x1f7e1;<![CDATA[ Campo ignorado: id
⚠️ Campo faltante en respuesta: name
]]>&#x1f50d;<![CDATA[ Validando campo: supervisors | Esperado: [] (ArrayList) | Actual: [] (ArrayList)
]]>&#x1f50d;<![CDATA[ Validando campo: empNumber | Esperado: 86 (Integer) | Actual: 86 (Integer)
]]>&#x1f50d;<![CDATA[ Validando campo: lastName | Esperado: 5TlV (String) | Actual: 5TlV (String)
]]>&#x1f50d;<![CDATA[ Validando campo: firstName | Esperado: 99N75 (String) | Actual: 99N75 (String)
]]>&#x1f50d;<![CDATA[ Validando campo: middleName | Esperado: 425 (String) | Actual: 425 (String)
]]>&#x1f50d;<![CDATA[ Validando campo: employeeId | Esperado: 0295 (String) | Actual: 0295 (String)
⚠️ Campo faltante en respuesta: terminationId
]]>&#x1f50d;<![CDATA[ Validando campo: jobTitle | Esperado: {id=null, title=null, isDeleted=null} (LinkedHashMap) | Actual: {id=null, title=null, isDeleted=null} (LinkedHashMap)
]]>&#x1f7e1;<![CDATA[ Campo ignorado: id
⚠️ Campo faltante en respuesta: title
⚠️ Campo faltante en respuesta: isDeleted
]]>&#x1f50d;<![CDATA[ Validando campo: subunit | Esperado: {id=null, name=null} (LinkedHashMap) | Actual: {id=null, name=null} (LinkedHashMap)
]]>&#x1f7e1;<![CDATA[ Campo ignorado: id
⚠️ Campo faltante en respuesta: name
]]>&#x1f50d;<![CDATA[ Validando campo: empStatus | Esperado: {id=null, name=null} (LinkedHashMap) | Actual: {id=null, name=null} (LinkedHashMap)
]]>&#x1f7e1;<![CDATA[ Campo ignorado: id
⚠️ Campo faltante en respuesta: name
]]>&#x1f50d;<![CDATA[ Validando campo: supervisors | Esperado: [] (ArrayList) | Actual: [] (ArrayList)
]]>&#x1f50d;<![CDATA[ Validando campo: empNumber | Esperado: 104 (Integer) | Actual: 104 (Integer)
]]>&#x1f50d;<![CDATA[ Validando campo: lastName | Esperado: 010Z (String) | Actual: 010Z (String)
]]>&#x1f50d;<![CDATA[ Validando campo: firstName | Esperado: A8DCo (String) | Actual: A8DCo (String)
]]>&#x1f50d;<![CDATA[ Validando campo: middleName | Esperado: 4Ys (String) | Actual: 4Ys (String)
]]>&#x1f50d;<![CDATA[ Validando campo: employeeId | Esperado: 0312 (String) | Actual: 0312 (String)
⚠️ Campo faltante en respuesta: terminationId
]]>&#x1f50d;<![CDATA[ Validando campo: jobTitle | Esperado: {id=null, title=null, isDeleted=null} (LinkedHashMap) | Actual: {id=null, title=null, isDeleted=null} (LinkedHashMap)
]]>&#x1f7e1;<![CDATA[ Campo ignorado: id
⚠️ Campo faltante en respuesta: title
⚠️ Campo faltante en respuesta: isDeleted
]]>&#x1f50d;<![CDATA[ Validando campo: subunit | Esperado: {id=null, name=null} (LinkedHashMap) | Actual: {id=null, name=null} (LinkedHashMap)
]]>&#x1f7e1;<![CDATA[ Campo ignorado: id
⚠️ Campo faltante en respuesta: name
]]>&#x1f50d;<![CDATA[ Validando campo: empStatus | Esperado: {id=null, name=null} (LinkedHashMap) | Actual: {id=null, name=null} (LinkedHashMap)
]]>&#x1f7e1;<![CDATA[ Campo ignorado: id
⚠️ Campo faltante en respuesta: name
]]>&#x1f50d;<![CDATA[ Validando campo: supervisors | Esperado: [] (ArrayList) | Actual: [] (ArrayList)
]]>&#x1f50d;<![CDATA[ Validando campo: empNumber | Esperado: 7 (Integer) | Actual: 7 (Integer)
]]>&#x1f50d;<![CDATA[ Validando campo: lastName | Esperado: John (String) | Actual: John (String)
]]>&#x1f50d;<![CDATA[ Validando campo: firstName | Esperado: Akhil (String) | Actual: Akhil (String)
]]>&#x1f50d;<![CDATA[ Validando campo: middleName | Esperado: dev (String) | Actual: dev (String)
]]>&#x1f50d;<![CDATA[ Validando campo: employeeId | Esperado: 56788 (String) | Actual: 56788 (String)
⚠️ Campo faltante en respuesta: terminationId
]]>&#x1f50d;<![CDATA[ Validando campo: jobTitle | Esperado: {id=23, title=HR Manager, isDeleted=false} (LinkedHashMap) | Actual: {id=23, title=HR Manager, isDeleted=false} (LinkedHashMap)
]]>&#x1f7e1;<![CDATA[ Campo ignorado: id
]]>&#x1f50d;<![CDATA[ Validando campo: title | Esperado: HR Manager (String) | Actual: HR Manager (String)
]]>&#x1f50d;<![CDATA[ Validando campo: isDeleted | Esperado: false (Boolean) | Actual: false (Boolean)
]]>&#x1f50d;<![CDATA[ Validando campo: subunit | Esperado: {id=13, name=Human Resources} (LinkedHashMap) | Actual: {id=13, name=Human Resources} (LinkedHashMap)
]]>&#x1f7e1;<![CDATA[ Campo ignorado: id
]]>&#x1f50d;<![CDATA[ Validando campo: name | Esperado: Human Resources (String) | Actual: Human Resources (String)
]]>&#x1f50d;<![CDATA[ Validando campo: empStatus | Esperado: {id=3, name=Full-Time Permanent} (LinkedHashMap) | Actual: {id=3, name=Full-Time Permanent} (LinkedHashMap)
]]>&#x1f7e1;<![CDATA[ Campo ignorado: id
]]>&#x1f50d;<![CDATA[ Validando campo: name | Esperado: Full-Time Permanent (String) | Actual: Full-Time Permanent (String)
]]>&#x1f50d;<![CDATA[ Validando campo: supervisors | Esperado: [] (ArrayList) | Actual: [] (ArrayList)
]]>&#x1f50d;<![CDATA[ Validando campo: meta | Esperado: {total=135} (LinkedHashMap) | Actual: {total=139} (LinkedHashMap)
]]>&#x1f50d;<![CDATA[ Validando campo: total | Esperado: 135 (Integer) | Actual: 139 (Integer)
]]>&#x1f50d;<![CDATA[ Validando campo: rels | Esperado: [] (ArrayList) | Actual: [] (ArrayList)
https://opensource-demo.orangehrmlive.com/web/index.php
]]>&#x1f50d;<![CDATA[ Validando campo: error | Esperado: {status=422, message=Invalid Parameter, data={invalidParamKeys=[limitd]}} (LinkedHashMap) | Actual: {status=422, message=Invalid Parameter, data={invalidParamKeys=[limitd]}} (LinkedHashMap)
]]>&#x1f50d;<![CDATA[ Validando campo: status | Esperado: 422 (String) | Actual: 422 (String)
]]>&#x1f50d;<![CDATA[ Validando campo: message | Esperado: Invalid Parameter (String) | Actual: Invalid Parameter (String)
]]>&#x1f50d;<![CDATA[ Validando campo: data | Esperado: {invalidParamKeys=[limitd]} (LinkedHashMap) | Actual: {invalidParamKeys=[limitd]} (LinkedHashMap)
]]>&#x1f50d;<![CDATA[ Validando campo: invalidParamKeys | Esperado: [limitd] (ArrayList) | Actual: [limitd] (ArrayList)
https://opensource-demo.orangehrmlive.com/web/index.php
]]>&#x1f50d;<![CDATA[ Validando campo: error | Esperado: {status=422, message=Invalid Parameter, data={invalidParamKeys=[offsetd]}} (LinkedHashMap) | Actual: {status=422, message=Invalid Parameter, data={invalidParamKeys=[offsetd]}} (LinkedHashMap)
]]>&#x1f50d;<![CDATA[ Validando campo: status | Esperado: 422 (String) | Actual: 422 (String)
]]>&#x1f50d;<![CDATA[ Validando campo: message | Esperado: Invalid Parameter (String) | Actual: Invalid Parameter (String)
]]>&#x1f50d;<![CDATA[ Validando campo: data | Esperado: {invalidParamKeys=[offsetd]} (LinkedHashMap) | Actual: {invalidParamKeys=[offsetd]} (LinkedHashMap)
]]>&#x1f50d;<![CDATA[ Validando campo: invalidParamKeys | Esperado: [offsetd] (ArrayList) | Actual: [offsetd] (ArrayList)
https://opensource-demo.orangehrmlive.com/web/index.php
]]>&#x1f50d;<![CDATA[ Validando campo: error | Esperado: {status=422, message=Invalid Parameter, data={invalidParamKeys=[models]}} (LinkedHashMap) | Actual: {status=422, message=Invalid Parameter, data={invalidParamKeys=[models]}} (LinkedHashMap)
]]>&#x1f50d;<![CDATA[ Validando campo: status | Esperado: 422 (String) | Actual: 422 (String)
]]>&#x1f50d;<![CDATA[ Validando campo: message | Esperado: Invalid Parameter (String) | Actual: Invalid Parameter (String)
]]>&#x1f50d;<![CDATA[ Validando campo: data | Esperado: {invalidParamKeys=[models]} (LinkedHashMap) | Actual: {invalidParamKeys=[models]} (LinkedHashMap)
]]>&#x1f50d;<![CDATA[ Validando campo: invalidParamKeys | Esperado: [models] (ArrayList) | Actual: [models] (ArrayList)
https://opensource-demo.orangehrmlive.com/web/index.php
]]>&#x1f50d;<![CDATA[ Validando campo: error | Esperado: {status=422, message=Invalid Parameter, data={invalidParamKeys=[includeEmployeesg]}} (LinkedHashMap) | Actual: {status=422, message=Invalid Parameter, data={invalidParamKeys=[includeEmployeesg]}} (LinkedHashMap)
]]>&#x1f50d;<![CDATA[ Validando campo: status | Esperado: 422 (String) | Actual: 422 (String)
]]>&#x1f50d;<![CDATA[ Validando campo: message | Esperado: Invalid Parameter (String) | Actual: Invalid Parameter (String)
]]>&#x1f50d;<![CDATA[ Validando campo: data | Esperado: {invalidParamKeys=[includeEmployeesg]} (LinkedHashMap) | Actual: {invalidParamKeys=[includeEmployeesg]} (LinkedHashMap)
]]>&#x1f50d;<![CDATA[ Validando campo: invalidParamKeys | Esperado: [includeEmployeesg] (ArrayList) | Actual: [includeEmployeesg] (ArrayList)
https://opensource-demo.orangehrmlive.com/web/index.php
]]>&#x1f50d;<![CDATA[ Validando campo: error | Esperado: {status=422, message=Invalid Parameter, data={invalidParamKeys=[sortFieldh]}} (LinkedHashMap) | Actual: {status=422, message=Invalid Parameter, data={invalidParamKeys=[sortFieldh]}} (LinkedHashMap)
]]>&#x1f50d;<![CDATA[ Validando campo: status | Esperado: 422 (String) | Actual: 422 (String)
]]>&#x1f50d;<![CDATA[ Validando campo: message | Esperado: Invalid Parameter (String) | Actual: Invalid Parameter (String)
]]>&#x1f50d;<![CDATA[ Validando campo: data | Esperado: {invalidParamKeys=[sortFieldh]} (LinkedHashMap) | Actual: {invalidParamKeys=[sortFieldh]} (LinkedHashMap)
]]>&#x1f50d;<![CDATA[ Validando campo: invalidParamKeys | Esperado: [sortFieldh] (ArrayList) | Actual: [sortFieldh] (ArrayList)
https://opensource-demo.orangehrmlive.com/web/index.php
]]>&#x1f50d;<![CDATA[ Validando campo: error | Esperado: {status=422, message=Invalid Parameter, data={invalidParamKeys=[sortOrderj]}} (LinkedHashMap) | Actual: {status=422, message=Invalid Parameter, data={invalidParamKeys=[sortOrderj]}} (LinkedHashMap)
]]>&#x1f50d;<![CDATA[ Validando campo: status | Esperado: 422 (String) | Actual: 422 (String)
]]>&#x1f50d;<![CDATA[ Validando campo: message | Esperado: Invalid Parameter (String) | Actual: Invalid Parameter (String)
]]>&#x1f50d;<![CDATA[ Validando campo: data | Esperado: {invalidParamKeys=[sortOrderj]} (LinkedHashMap) | Actual: {invalidParamKeys=[sortOrderj]} (LinkedHashMap)
]]>&#x1f50d;<![CDATA[ Validando campo: invalidParamKeys | Esperado: [sortOrderj] (ArrayList) | Actual: [sortOrderj] (ArrayList)
]]></system-out>
  <system-err><![CDATA[[Test worker] INFO  - 
  _____   ___   ___   _____     ___   _____     _     ___   _____   ___   ___  
 |_   _| | __| / __| |_   _|   / __| |_   _|   /_\   | _ \ |_   _| | __| |   \ 
   | |   | _|  \__ \   | |     \__ \   | |    / _ \  |   /   | |   | _|  | |) |
   |_|   |___| |___/   |_|     |___/   |_|   /_/ \_\ |_|_\   |_|   |___| |___/ 

Validate employees(validate-create-alias;validate-employees)
--------------------------------------------------------------------------------
[Test worker] INFO  - 
  _____   ___   ___   _____     ___     _     ___   ___   ___   ___  
 |_   _| | __| / __| |_   _|   | _ \   /_\   / __| / __| | __| |   \ 
   | |   | _|  \__ \   | |     |  _/  / _ \  \__ \ \__ \ | _|  | |) |
   |_|   |___| |___/   |_|     |_|   /_/ \_\ |___/ |___/ |___| |___/ 

Validate employees
----------------------------------------------------------------------
[Test worker] INFO  - 
  _____   ___   ___   _____     ___   _____     _     ___   _____   ___   ___  
 |_   _| | __| / __| |_   _|   / __| |_   _|   /_\   | _ \ |_   _| | __| |   \ 
   | |   | _|  \__ \   | |     \__ \   | |    / _ \  |   /   | |   | _|  | |) |
   |_|   |___| |___/   |_|     |___/   |_|   /_/ \_\ |_|_\   |_|   |___| |___/ 

Validate employee error without limit field(validate-create-alias;validate-employee-error-without-limit-field)
--------------------------------------------------------------------------------
[Test worker] INFO  - 
  _____   ___   ___   _____     ___     _     ___   ___   ___   ___  
 |_   _| | __| / __| |_   _|   | _ \   /_\   / __| / __| | __| |   \ 
   | |   | _|  \__ \   | |     |  _/  / _ \  \__ \ \__ \ | _|  | |) |
   |_|   |___| |___/   |_|     |_|   /_/ \_\ |___/ |___/ |___| |___/ 

Validate employee error without limit field
----------------------------------------------------------------------
[Test worker] INFO  - 
  _____   ___   ___   _____     ___   _____     _     ___   _____   ___   ___  
 |_   _| | __| / __| |_   _|   / __| |_   _|   /_\   | _ \ |_   _| | __| |   \ 
   | |   | _|  \__ \   | |     \__ \   | |    / _ \  |   /   | |   | _|  | |) |
   |_|   |___| |___/   |_|     |___/   |_|   /_/ \_\ |_|_\   |_|   |___| |___/ 

Validate employee error without offset field(validate-create-alias;validate-employee-error-without-offset-field)
--------------------------------------------------------------------------------
[Test worker] INFO  - 
  _____   ___   ___   _____     ___     _     ___   ___   ___   ___  
 |_   _| | __| / __| |_   _|   | _ \   /_\   / __| / __| | __| |   \ 
   | |   | _|  \__ \   | |     |  _/  / _ \  \__ \ \__ \ | _|  | |) |
   |_|   |___| |___/   |_|     |_|   /_/ \_\ |___/ |___/ |___| |___/ 

Validate employee error without offset field
----------------------------------------------------------------------
[Test worker] INFO  - 
  _____   ___   ___   _____     ___   _____     _     ___   _____   ___   ___  
 |_   _| | __| / __| |_   _|   / __| |_   _|   /_\   | _ \ |_   _| | __| |   \ 
   | |   | _|  \__ \   | |     \__ \   | |    / _ \  |   /   | |   | _|  | |) |
   |_|   |___| |___/   |_|     |___/   |_|   /_/ \_\ |_|_\   |_|   |___| |___/ 

Validate employee error without model field(validate-create-alias;validate-employee-error-without-model-field)
--------------------------------------------------------------------------------
[Test worker] INFO  - 
  _____   ___   ___   _____     ___     _     ___   ___   ___   ___  
 |_   _| | __| / __| |_   _|   | _ \   /_\   / __| / __| | __| |   \ 
   | |   | _|  \__ \   | |     |  _/  / _ \  \__ \ \__ \ | _|  | |) |
   |_|   |___| |___/   |_|     |_|   /_/ \_\ |___/ |___/ |___| |___/ 

Validate employee error without model field
----------------------------------------------------------------------
[Test worker] INFO  - 
  _____   ___   ___   _____     ___   _____     _     ___   _____   ___   ___  
 |_   _| | __| / __| |_   _|   / __| |_   _|   /_\   | _ \ |_   _| | __| |   \ 
   | |   | _|  \__ \   | |     \__ \   | |    / _ \  |   /   | |   | _|  | |) |
   |_|   |___| |___/   |_|     |___/   |_|   /_/ \_\ |_|_\   |_|   |___| |___/ 

Validate employee error without includeEmployees field(validate-create-alias;validate-employee-error-without-includeemployees-field)
--------------------------------------------------------------------------------
[Test worker] INFO  - 
  _____   ___   ___   _____     ___     _     ___   ___   ___   ___  
 |_   _| | __| / __| |_   _|   | _ \   /_\   / __| / __| | __| |   \ 
   | |   | _|  \__ \   | |     |  _/  / _ \  \__ \ \__ \ | _|  | |) |
   |_|   |___| |___/   |_|     |_|   /_/ \_\ |___/ |___/ |___| |___/ 

Validate employee error without includeEmployees field
----------------------------------------------------------------------
[Test worker] INFO  - 
  _____   ___   ___   _____     ___   _____     _     ___   _____   ___   ___  
 |_   _| | __| / __| |_   _|   / __| |_   _|   /_\   | _ \ |_   _| | __| |   \ 
   | |   | _|  \__ \   | |     \__ \   | |    / _ \  |   /   | |   | _|  | |) |
   |_|   |___| |___/   |_|     |___/   |_|   /_/ \_\ |_|_\   |_|   |___| |___/ 

Validate employee error without sortField field(validate-create-alias;validate-employee-error-without-sortfield-field)
--------------------------------------------------------------------------------
[Test worker] INFO  - 
  _____   ___   ___   _____     ___     _     ___   ___   ___   ___  
 |_   _| | __| / __| |_   _|   | _ \   /_\   / __| / __| | __| |   \ 
   | |   | _|  \__ \   | |     |  _/  / _ \  \__ \ \__ \ | _|  | |) |
   |_|   |___| |___/   |_|     |_|   /_/ \_\ |___/ |___/ |___| |___/ 

Validate employee error without sortField field
----------------------------------------------------------------------
[Test worker] INFO  - 
  _____   ___   ___   _____     ___   _____     _     ___   _____   ___   ___  
 |_   _| | __| / __| |_   _|   / __| |_   _|   /_\   | _ \ |_   _| | __| |   \ 
   | |   | _|  \__ \   | |     \__ \   | |    / _ \  |   /   | |   | _|  | |) |
   |_|   |___| |___/   |_|     |___/   |_|   /_/ \_\ |_|_\   |_|   |___| |___/ 

Validate employee error without sortOrder field(validate-create-alias;validate-employee-error-without-sortorder-field)
--------------------------------------------------------------------------------
[Test worker] INFO  - 
  _____   ___   ___   _____     ___     _     ___   ___   ___   ___  
 |_   _| | __| / __| |_   _|   | _ \   /_\   / __| / __| | __| |   \ 
   | |   | _|  \__ \   | |     |  _/  / _ \  \__ \ \__ \ | _|  | |) |
   |_|   |___| |___/   |_|     |_|   /_/ \_\ |___/ |___/ |___| |___/ 

Validate employee error without sortOrder field
----------------------------------------------------------------------
]]></system-err>
</testsuite>
